
> angular20@0.0.0 build
> ng build

[33mÔØ»[39m Building...
[32mÔ£ö[39m Building...
[35mBrowser bundles[39m     
[1mInitial chunk files[22m [2m | [22m[1mNames[22m           [2m | [22m [1mRaw size[22m[2m | [22m[1mEstimated transfer size[22m
[32mchunk-JIMGRIJV.js[39m   [2m | [22m[2m-[22m               [2m | [22m[36m381.10 kB[39m[2m | [22m              [36m103.78 kB[39m
[32mstyles-F4VLBS42.css[39m [2m | [22m[2mstyles[22m          [2m | [22m[36m228.64 kB[39m[2m | [22m               [36m14.84 kB[39m
[32mmain-3PU5USXL.js[39m    [2m | [22m[2mmain[22m            [2m | [22m[36m129.97 kB[39m[2m | [22m               [36m32.98 kB[39m

[1m [22m                   [2m | [22m[1mInitial total[22m   [2m | [22m[1m[93m739.71 kB[39m[22m[2m | [22m              [1m151.60 kB[22m

[1mLazy chunk files[22m    [2m | [22m[1mNames[22m           [2m | [22m [1mRaw size[22m[2m | [22m[1mEstimated transfer size[22m
[32mchunk-BTOWXPRH.js[39m   [2m | [22m[2mhome[22m            [2m | [22m [36m30.05 kB[39m[2m | [22m                [36m7.93 kB[39m


[35mServer bundles[39m      
[1mInitial chunk files[22m [2m | [22m[1mNames[22m           [2m | [22m [1mRaw size[22m
[32mchunk-2QNE463P.mjs[39m  [2m | [22m[2m-[22m               [2m | [22m[36m447.36 kB[39m[2m | [22m                       
[32mchunk-EFZGFPG4.mjs[39m  [2m | [22m[2m-[22m               [2m | [22m[36m312.56 kB[39m[2m | [22m                       
[32mpolyfills.server.mjs[39m[2m | [22m[2mpolyfills.server[22m[2m | [22m[36m233.47 kB[39m[2m | [22m                       
[32mmain.server.mjs[39m     [2m | [22m[2mmain.server[22m     [2m | [22m[36m131.80 kB[39m[2m | [22m                       
[32mchunk-R74ROQGQ.mjs[39m  [2m | [22m[2m-[22m               [2m | [22m [36m63.91 kB[39m[2m | [22m                       
[32mchunk-T55IDOPT.mjs[39m  [2m | [22m[2m-[22m               [2m | [22m[36m976 bytes[39m[2m | [22m                       
[32mserver.mjs[39m          [2m | [22m[2mserver[22m          [2m | [22m[36m516 bytes[39m[2m | [22m                       

[1mLazy chunk files[22m    [2m | [22m[1mNames[22m           [2m | [22m [1mRaw size[22m
[32mchunk-SMKNLC53.mjs[39m  [2m | [22m[2mhome[22m            [2m | [22m [36m30.14 kB[39m[2m | [22m                       
[32mchunk-QN7HHIJH.mjs[39m  [2m | [22m[2mxhr2[22m            [2m | [22m [36m12.08 kB[39m[2m | [22m                       

[35mPrerendered 2 static routes.[39m
Application bundle generation complete. [2.689 seconds]

Ôû▓ [WARNING] bundle initial exceeded maximum budget. Budget 500.00 kB was not met by 239.71 kB with a total of 739.71 kB.


Output location: E:\git\angular20-portfolio-ssr-zoneless\dist\angular20

