
> angular20@0.0.0 build
> ng build

[33mÔØ»[39m Building...
[32mÔ£ö[39m Building...
[35mBrowser bundles[39m     
[1mInitial chunk files[22m [2m | [22m[1mNames[22m           [2m | [22m [1mRaw size[22m[2m | [22m[1mEstimated transfer size[22m
[32mchunk-TWAS6E2K.js[39m   [2m | [22m[2m-[22m               [2m | [22m[36m379.72 kB[39m[2m | [22m              [36m102.84 kB[39m
[32mstyles-WVQS6UJN.css[39m [2m | [22m[2mstyles[22m          [2m | [22m[36m258.68 kB[39m[2m | [22m               [36m15.40 kB[39m
[32mmain-JUSSRUVJ.js[39m    [2m | [22m[2mmain[22m            [2m | [22m[36m119.85 kB[39m[2m | [22m               [36m31.24 kB[39m

[1m [22m                   [2m | [22m[1mInitial total[22m   [2m | [22m[1m[93m758.25 kB[39m[22m[2m | [22m              [1m149.48 kB[22m

[1mLazy chunk files[22m    [2m | [22m[1mNames[22m           [2m | [22m [1mRaw size[22m[2m | [22m[1mEstimated transfer size[22m
[32mchunk-F6J73YVW.js[39m   [2m | [22m[2mhome[22m            [2m | [22m [36m29.99 kB[39m[2m | [22m                [36m7.88 kB[39m


[35mServer bundles[39m      
[1mInitial chunk files[22m [2m | [22m[1mNames[22m           [2m | [22m [1mRaw size[22m
[32mchunk-ECMCODIK.mjs[39m  [2m | [22m[2m-[22m               [2m | [22m[36m442.95 kB[39m[2m | [22m                       
[32mchunk-GGEVMIL4.mjs[39m  [2m | [22m[2m-[22m               [2m | [22m[36m319.01 kB[39m[2m | [22m                       
[32mpolyfills.server.mjs[39m[2m | [22m[2mpolyfills.server[22m[2m | [22m[36m233.25 kB[39m[2m | [22m                       
[32mmain.server.mjs[39m     [2m | [22m[2mmain.server[22m     [2m | [22m[36m121.55 kB[39m[2m | [22m                       
[32mchunk-M5UV3JY4.mjs[39m  [2m | [22m[2m-[22m               [2m | [22m [36m55.61 kB[39m[2m | [22m                       
[32mchunk-T55IDOPT.mjs[39m  [2m | [22m[2m-[22m               [2m | [22m[36m976 bytes[39m[2m | [22m                       
[32mserver.mjs[39m          [2m | [22m[2mserver[22m          [2m | [22m[36m516 bytes[39m[2m | [22m                       

[1mLazy chunk files[22m    [2m | [22m[1mNames[22m           [2m | [22m [1mRaw size[22m
[32mchunk-EKIECNBZ.mjs[39m  [2m | [22m[2mhome[22m            [2m | [22m [36m30.07 kB[39m[2m | [22m                       
[32mchunk-N3SI5I4Q.mjs[39m  [2m | [22m[2mxhr2[22m            [2m | [22m [36m12.07 kB[39m[2m | [22m                       

[35mPrerendered 2 static routes.[39m
Application bundle generation complete. [11.910 seconds] - 2026-03-05T13:39:55.043Z

Ôû▓ [WARNING] bundle initial exceeded maximum budget. Budget 500.00 kB was not met by 258.25 kB with a total of 758.25 kB.


Output location: E:\git\angular20-portfolio-ssr-zoneless\dist\angular20

