
> angular20@0.0.0 start
> ng serve --hmr=false

❯ Building...
✔ Building...
Browser bundles
Initial chunk files  | Names            |  Raw size
styles.css           | styles           | 230.09 kB |
main.js              | main             |  20.52 kB |
chunk-TAJQMWIV.js    | -                |   7.73 kB |

                     | Initial total    | 258.34 kB

Lazy chunk files     | Names            |  Raw size
chunk-KWTMNTBC.js    | home             |  39.79 kB |


Server bundles
Initial chunk files  | Names            |  Raw size
main.server.mjs      | main.server      |  22.60 kB |
chunk-LGZUKYET.mjs   | -                |   6.88 kB |
chunk-54EZUNS5.mjs   | -                | 972 bytes |
server.mjs           | server           | 926 bytes |
polyfills.server.mjs | polyfills.server | 243 bytes |

Lazy chunk files     | Names            |  Raw size
chunk-UD2WGNJV.mjs   | home             |  39.87 kB |

Application bundle generation complete. [5.593 seconds]

Watch mode enabled. Watching for file changes...
NOTE: Raw file sizes do not reflect development server per-request transformations.
  ➜  Local:   http://localhost:4200/
